<?xml version="1.0" encoding="UTF-8"?>
<!-- Generated by org.testng.reporters.JUnitXMLReporter -->
<testsuite ignored="0" hostname="Galaxy004.local" failures="0" tests="4" name="Surefire test" time="41.489" errors="0" timestamp="2026-02-09T23:51:17 IST">
  <testcase classname="com.cyberprotect.tests.LoginTest" name="emptyEmailValidationCheck" time="2.003"/>
  <testcase classname="com.cyberprotect.tests.LoginTest" name="incoreectEmailFormatCheck" time="2.466"/>
  <testcase classname="com.cyberprotect.tests.LoginTest" name="invalidLogin" time="2.433"/>
  <testcase classname="com.cyberprotect.tests.LoginTest" name="validLogin" time="7.008"/>
</testsuite> <!-- Surefire test -->
