<?xml version="1.0" encoding="UTF-8"?>
<!-- Generated by org.testng.reporters.JUnitReportReporter -->
<testsuite hostname="Galaxy004.local" failures="0" tests="4" name="com.cyberprotect.tests.LoginTest" time="41.478" errors="0" timestamp="2026-02-09T23:51:17 IST" skipped="0">
  <testcase classname="com.cyberprotect.tests.LoginTest" name="validLogin" time="13.497"/>
  <testcase classname="com.cyberprotect.tests.LoginTest" name="incoreectEmailFormatCheck" time="11.069"/>
  <testcase classname="com.cyberprotect.tests.LoginTest" name="invalidLogin" time="9.442"/>
  <testcase classname="com.cyberprotect.tests.LoginTest" name="emptyEmailValidationCheck" time="7.470"/>
</testsuite> <!-- com.cyberprotect.tests.LoginTest -->
