<?xml version="1.0" encoding="UTF-8"?>
<testng-results ignored="0" total="4" passed="4" failed="0" skipped="0">
  <reporter-output>
  </reporter-output>
  <suite started-at="2026-02-09T23:50:31 IST" name="Surefire suite" finished-at="2026-02-09T23:51:12 IST" duration-ms="41489">
    <groups>
    </groups>
    <test started-at="2026-02-09T23:50:31 IST" name="Surefire test" finished-at="2026-02-09T23:51:12 IST" duration-ms="41489">
      <class name="com.cyberprotect.tests.LoginTest">
        <test-method is-config="true" signature="setup()[pri:0, instance:com.cyberprotect.tests.LoginTest@57175e74]" started-at="2026-02-09T23:50:31 IST" name="setup" finished-at="2026-02-09T23:50:39 IST" duration-ms="8506" status="PASS">
          <reporter-output>
          </reporter-output>
        </test-method> <!-- setup -->
        <test-method signature="emptyEmailValidationCheck()[pri:0, instance:com.cyberprotect.tests.LoginTest@57175e74]" started-at="2026-02-09T23:50:39 IST" name="emptyEmailValidationCheck" finished-at="2026-02-09T23:50:41 IST" duration-ms="2003" status="PASS">
          <reporter-output>
          </reporter-output>
        </test-method> <!-- emptyEmailValidationCheck -->
        <test-method is-config="true" signature="tearDown()[pri:0, instance:com.cyberprotect.tests.LoginTest@57175e74]" started-at="2026-02-09T23:50:41 IST" name="tearDown" finished-at="2026-02-09T23:50:41 IST" duration-ms="103" status="PASS">
          <reporter-output>
          </reporter-output>
        </test-method> <!-- tearDown -->
        <test-method is-config="true" signature="setup()[pri:0, instance:com.cyberprotect.tests.LoginTest@57175e74]" started-at="2026-02-09T23:50:41 IST" name="setup" finished-at="2026-02-09T23:50:47 IST" duration-ms="5365" status="PASS">
          <reporter-output>
          </reporter-output>
        </test-method> <!-- setup -->
        <test-method signature="incoreectEmailFormatCheck()[pri:0, instance:com.cyberprotect.tests.LoginTest@57175e74]" started-at="2026-02-09T23:50:47 IST" name="incoreectEmailFormatCheck" finished-at="2026-02-09T23:50:49 IST" duration-ms="2466" status="PASS">
          <reporter-output>
          </reporter-output>
        </test-method> <!-- incoreectEmailFormatCheck -->
        <test-method is-config="true" signature="tearDown()[pri:0, instance:com.cyberprotect.tests.LoginTest@57175e74]" started-at="2026-02-09T23:50:49 IST" name="tearDown" finished-at="2026-02-09T23:50:49 IST" duration-ms="102" status="PASS">
          <reporter-output>
          </reporter-output>
        </test-method> <!-- tearDown -->
        <test-method is-config="true" signature="setup()[pri:0, instance:com.cyberprotect.tests.LoginTest@57175e74]" started-at="2026-02-09T23:50:49 IST" name="setup" finished-at="2026-02-09T23:50:55 IST" duration-ms="6386" status="PASS">
          <reporter-output>
          </reporter-output>
        </test-method> <!-- setup -->
        <test-method signature="invalidLogin()[pri:0, instance:com.cyberprotect.tests.LoginTest@57175e74]" started-at="2026-02-09T23:50:55 IST" name="invalidLogin" finished-at="2026-02-09T23:50:58 IST" duration-ms="2433" status="PASS">
          <reporter-output>
          </reporter-output>
        </test-method> <!-- invalidLogin -->
        <test-method is-config="true" signature="tearDown()[pri:0, instance:com.cyberprotect.tests.LoginTest@57175e74]" started-at="2026-02-09T23:50:58 IST" name="tearDown" finished-at="2026-02-09T23:50:58 IST" duration-ms="104" status="PASS">
          <reporter-output>
          </reporter-output>
        </test-method> <!-- tearDown -->
        <test-method is-config="true" signature="setup()[pri:0, instance:com.cyberprotect.tests.LoginTest@57175e74]" started-at="2026-02-09T23:50:58 IST" name="setup" finished-at="2026-02-09T23:51:05 IST" duration-ms="6905" status="PASS">
          <reporter-output>
          </reporter-output>
        </test-method> <!-- setup -->
        <test-method signature="validLogin()[pri:0, instance:com.cyberprotect.tests.LoginTest@57175e74]" started-at="2026-02-09T23:51:05 IST" name="validLogin" finished-at="2026-02-09T23:51:12 IST" duration-ms="7008" status="PASS">
          <reporter-output>
          </reporter-output>
        </test-method> <!-- validLogin -->
        <test-method is-config="true" signature="tearDown()[pri:0, instance:com.cyberprotect.tests.LoginTest@57175e74]" started-at="2026-02-09T23:51:12 IST" name="tearDown" finished-at="2026-02-09T23:51:12 IST" duration-ms="97" status="PASS">
          <reporter-output>
          </reporter-output>
        </test-method> <!-- tearDown -->
      </class> <!-- com.cyberprotect.tests.LoginTest -->
    </test> <!-- Surefire test -->
  </suite> <!-- Surefire suite -->
</testng-results>
